<?xml version="1.0" encoding="UTF-8"?>
<testng-results skipped="0" failed="1" ignored="0" total="3" passed="2">
  <reporter-output>
  </reporter-output>
  <suite name="Default suite" duration-ms="17177" started-at="2019-11-05T18:52:55 EST" finished-at="2019-11-05T18:53:13 EST">
    <groups>
    </groups>
    <test name="Default test" duration-ms="17177" started-at="2019-11-05T18:52:55 EST" finished-at="2019-11-05T18:53:13 EST">
      <class name="com.qa.PoshMark.Tests.EntryPageTest">
        <test-method status="PASS" signature="setUp()[pri:0, instance:com.qa.PoshMark.Tests.EntryPageTest@a7e666]" name="setUp" is-config="true" duration-ms="6158" started-at="2019-11-05T18:52:55 EST" finished-at="2019-11-05T18:53:02 EST">
          <reporter-output>
          </reporter-output>
        </test-method> <!-- setUp -->
        <test-method status="FAIL" signature="verifyEntryPageLogo()[pri:1, instance:com.qa.PoshMark.Tests.EntryPageTest@a7e666]" name="verifyEntryPageLogo" duration-ms="51" started-at="2019-11-05T18:53:02 EST" finished-at="2019-11-05T18:53:02 EST">
          <exception class="org.openqa.selenium.NoSuchFrameException">
            <message>
              <![CDATA[No frame element found by name or id ssIFrame_google
Build info: version: '3.14.0', revision: 'aacccce0', time: '2018-08-02T20:19:58.91Z'
System info: host: 'Jeys-MBP.home', ip: 'fe80:0:0:0:ee:d277:2a73:76cb%en0', os.name: 'Mac OS X', os.arch: 'x86_64', os.version: '10.15.1', java.version: '1.8.0_231'
Driver info: driver.version: unknown]]>
            </message>
            <full-stacktrace>
              <![CDATA[org.openqa.selenium.NoSuchFrameException: No frame element found by name or id ssIFrame_google
Build info: version: '3.14.0', revision: 'aacccce0', time: '2018-08-02T20:19:58.91Z'
System info: host: 'Jeys-MBP.home', ip: 'fe80:0:0:0:ee:d277:2a73:76cb%en0', os.name: 'Mac OS X', os.arch: 'x86_64', os.version: '10.15.1', java.version: '1.8.0_231'
Driver info: driver.version: unknown
at org.openqa.selenium.remote.RemoteWebDriver$RemoteTargetLocator.frame(RemoteWebDriver.java:881)
at com.qa.PoshMark.Pages.EntryPage.getEntryPageLogo(EntryPage.java:59)
at com.qa.PoshMark.Tests.EntryPageTest.verifyEntryPageLogo(EntryPageTest.java:46)
at sun.reflect.NativeMethodAccessorImpl.invoke0(Native Method)
at sun.reflect.NativeMethodAccessorImpl.invoke(NativeMethodAccessorImpl.java:62)
at sun.reflect.DelegatingMethodAccessorImpl.invoke(DelegatingMethodAccessorImpl.java:43)
at java.lang.reflect.Method.invoke(Method.java:498)
at org.testng.internal.MethodInvocationHelper.invokeMethod(MethodInvocationHelper.java:133)
at org.testng.internal.TestInvoker.invokeMethod(TestInvoker.java:584)
at org.testng.internal.TestInvoker.invokeTestMethod(TestInvoker.java:172)
at org.testng.internal.MethodRunner.runInSequence(MethodRunner.java:46)
at org.testng.internal.TestInvoker$MethodInvocationAgent.invoke(TestInvoker.java:804)
at org.testng.internal.TestInvoker.invokeTestMethods(TestInvoker.java:145)
at org.testng.internal.TestMethodWorker.invokeTestMethods(TestMethodWorker.java:146)
at org.testng.internal.TestMethodWorker.run(TestMethodWorker.java:128)
at java.util.ArrayList.forEach(ArrayList.java:1257)
at org.testng.TestRunner.privateRun(TestRunner.java:770)
at org.testng.TestRunner.run(TestRunner.java:591)
at org.testng.SuiteRunner.runTest(SuiteRunner.java:402)
at org.testng.SuiteRunner.runSequentially(SuiteRunner.java:396)
at org.testng.SuiteRunner.privateRun(SuiteRunner.java:355)
at org.testng.SuiteRunner.run(SuiteRunner.java:304)
at org.testng.SuiteRunnerWorker.runSuite(SuiteRunnerWorker.java:53)
at org.testng.SuiteRunnerWorker.run(SuiteRunnerWorker.java:96)
at org.testng.TestNG.runSuitesSequentially(TestNG.java:1180)
at org.testng.TestNG.runSuitesLocally(TestNG.java:1102)
at org.testng.TestNG.runSuites(TestNG.java:1032)
at org.testng.TestNG.run(TestNG.java:1000)
at org.testng.remote.AbstractRemoteTestNG.run(AbstractRemoteTestNG.java:115)
at org.testng.remote.RemoteTestNG.initAndRun(RemoteTestNG.java:251)
at org.testng.remote.RemoteTestNG.main(RemoteTestNG.java:77)
]]>
            </full-stacktrace>
          </exception> <!-- org.openqa.selenium.NoSuchFrameException -->
          <reporter-output>
          </reporter-output>
        </test-method> <!-- verifyEntryPageLogo -->
        <test-method status="PASS" signature="setUp()[pri:0, instance:com.qa.PoshMark.Tests.EntryPageTest@a7e666]" name="setUp" is-config="true" duration-ms="4440" started-at="2019-11-05T18:53:02 EST" finished-at="2019-11-05T18:53:06 EST">
          <reporter-output>
          </reporter-output>
        </test-method> <!-- setUp -->
        <test-method status="PASS" signature="verifyMainPageTitle()[pri:2, instance:com.qa.PoshMark.Tests.EntryPageTest@a7e666]" name="verifyMainPageTitle" duration-ms="22" started-at="2019-11-05T18:53:06 EST" finished-at="2019-11-05T18:53:06 EST">
          <reporter-output>
          </reporter-output>
        </test-method> <!-- verifyMainPageTitle -->
        <test-method status="PASS" signature="setUp()[pri:0, instance:com.qa.PoshMark.Tests.EntryPageTest@a7e666]" name="setUp" is-config="true" duration-ms="5242" started-at="2019-11-05T18:53:06 EST" finished-at="2019-11-05T18:53:11 EST">
          <reporter-output>
          </reporter-output>
        </test-method> <!-- setUp -->
        <test-method status="PASS" signature="loginButtonTest()[pri:3, instance:com.qa.PoshMark.Tests.EntryPageTest@a7e666]" name="loginButtonTest" duration-ms="1230" started-at="2019-11-05T18:53:11 EST" finished-at="2019-11-05T18:53:13 EST">
          <reporter-output>
          </reporter-output>
        </test-method> <!-- loginButtonTest -->
      </class> <!-- com.qa.PoshMark.Tests.EntryPageTest -->
    </test> <!-- Default test -->
  </suite> <!-- Default suite -->
</testng-results>
